\BOOKMARK [0][-]{section*.1}{\376\377\000A\000S\000T\0003\0002\0002\0000\000\040\000-\000\040\000P\000r\000o\000j\000e\000c\000t\000\040\0001}{}% 1
\BOOKMARK [1][-]{section*.2}{\376\377\000P\000r\000o\000b\000l\000e\000m\000\040\0001}{section*.1}% 2
\BOOKMARK [1][-]{section*.3}{\376\377\000P\000r\000o\000b\000l\000e\000m\000\040\0002}{section*.1}% 3
\BOOKMARK [1][-]{section*.4}{\376\377\000P\000r\000o\000b\000l\000e\000m\000\040\0003}{section*.1}% 4
\BOOKMARK [1][-]{section*.5}{\376\377\000P\000r\000o\000b\000l\000e\000m\000\040\0004}{section*.1}% 5
\BOOKMARK [1][-]{section*.6}{\376\377\000P\000r\000o\000b\000l\000e\000m\000\040\0005}{section*.1}% 6
\BOOKMARK [1][-]{section*.7}{\376\377\000P\000r\000o\000b\000l\000e\000m\000\040\0006}{section*.1}% 7
\BOOKMARK [2][-]{section*.8}{\376\377\000E\000q\000u\000a\000t\000i\000o\000n\000\040\000o\000f\000\040\000m\000o\000t\000i\000o\000n\000\040\000f\000o\000r\000\040\000x\0001}{section*.7}% 8
\BOOKMARK [2][-]{section*.9}{\376\377\000E\000q\000u\000a\000t\000i\000o\000n\000\040\000o\000f\000\040\000m\000o\000t\000i\000o\000n\000\040\000f\000o\000r\000\040\000x\0002}{section*.7}% 9
\BOOKMARK [2][-]{section*.10}{\376\377\000E\000q\000u\000a\000t\000i\000o\000n\000\040\000o\000f\000\040\000m\000o\000t\000i\000o\000n\000\040\000f\000o\000r\000\040\000x\0003}{section*.7}% 10
\BOOKMARK [1][-]{section*.11}{\376\377\000P\000r\000o\000b\000l\000e\000m\000\040\0007}{section*.1}% 11
\BOOKMARK [1][-]{section*.12}{\376\377\000P\000r\000o\000b\000l\000e\000m\000\040\0008}{section*.1}% 12
\BOOKMARK [1][-]{section*.13}{\376\377\000P\000r\000o\000b\000l\000e\000m\000\040\0009}{section*.1}% 13
\BOOKMARK [1][-]{section*.14}{\376\377\000P\000r\000o\000b\000l\000e\000m\000\040\0001\0000}{section*.1}% 14
\BOOKMARK [2][-]{section*.15}{\376\377\000Q\000u\000i\000n\000t\000e\000s\000s\000e\000n\000c\000e\000\040\000m\000o\000d\000e\000l\000s}{section*.14}% 15
\BOOKMARK [2][-]{section*.16}{\376\377\000C\000D\000M\000\040\000m\000o\000d\000e\000l}{section*.14}% 16
\BOOKMARK [1][-]{section*.17}{\376\377\000P\000r\000o\000b\000l\000e\000m\000\040\0001\0001}{section*.1}% 17
\BOOKMARK [1][-]{section*.18}{\376\377\000P\000r\000o\000b\000l\000e\000m\000\040\0001\0002}{section*.1}% 18
\BOOKMARK [1][-]{section*.19}{\376\377\000P\000r\000o\000b\000l\000e\000m\000\040\0001\0003}{section*.1}% 19
\BOOKMARK [1][-]{section*.20}{\376\377\000P\000r\000o\000b\000l\000e\000m\000\040\0001\0004}{section*.1}% 20
\BOOKMARK [1][-]{section*.21}{\376\377\000A\000c\000k\000n\000o\000w\000l\000e\000d\000g\000m\000e\000n\000t\000s}{section*.1}% 21
\BOOKMARK [1][-]{section*.22}{\376\377\000R\000e\000f\000e\000r\000e\000n\000c\000e\000s}{section*.1}% 22
\BOOKMARK [1][-]{section*.23}{\376\377\000N\000a\000m\000e\000\040\000o\000f\000\040\000a\000p\000p\000e\000n\000d\000i\000x}{section*.1}% 23
