\BOOKMARK [0][-]{section*.1}{\376\377\000A\000S\000T\0003\0002\0002\0000\000\040\000-\000\040\000P\000r\000o\000j\000e\000c\000t\000\040\0003\000:\000\040\000\040\000I\000n\000f\000l\000a\000t\000i\000o\000n\000\040\000w\000i\000t\000h\000o\000u\000t\000\040\000a\000p\000p\000r\000o\000x\000i\000m\000a\000t\000i\000o\000n}{}% 1
\BOOKMARK [1][-]{section*.2}{\376\377\000P\000r\000o\000b\000l\000e\000m\000\040\000a\000\051}{section*.1}% 2
\BOOKMARK [1][-]{section*.3}{\376\377\000P\000r\000o\000b\000l\000e\000m\000\040\000b\000\051}{section*.1}% 3
\BOOKMARK [2][-]{section*.4}{\376\377\000H\000u\000b\000b\000l\000e\000\040\000p\000a\000r\000a\000m\000e\000t\000e\000r\000\040\000a\000n\000d\000\040\000s\000c\000a\000l\000e\000\040\000f\000a\000c\000t\000o\000r}{section*.3}% 4
\BOOKMARK [2][-]{section*.5}{\376\377\000C\000o\000n\000t\000i\000n\000u\000i\000t\000y\000\040\000e\000q\000u\000a\000t\000i\000o\000n\000\040\000\050\000n\000a\000m\000e\000?\000?\000?\000\051}{section*.3}% 5
\BOOKMARK [3][-]{section*.6}{\376\377\000H\000u\000b\000b\000l\000e\000\040\000p\000a\000r\000a\000m\000e\000t\000e\000r}{section*.5}% 6
\BOOKMARK [1][-]{section*.7}{\376\377\000P\000r\000o\000b\000l\000e\000m\000\040\000c\000\051}{section*.1}% 7
\BOOKMARK [1][-]{section*.8}{\376\377\000P\000r\000o\000b\000l\000e\000m\000\040\000d\000\051}{section*.1}% 8
\BOOKMARK [1][-]{section*.9}{\376\377\000P\000r\000o\000b\000l\000e\000m\000\040\000e\000\051\000\040\000\046\000\040\000f\000\051}{section*.1}% 9
\BOOKMARK [1][-]{section*.10}{\376\377\000P\000r\000o\000b\000l\000e\000m\000\040\000g\000\051}{section*.1}% 10
\BOOKMARK [1][-]{section*.11}{\376\377\000P\000r\000o\000b\000l\000e\000m\000\040\000h\000\051}{section*.1}% 11
\BOOKMARK [1][-]{section*.12}{\376\377\000P\000r\000o\000b\000l\000e\000m\000\040\000i\000\051}{section*.1}% 12
\BOOKMARK [1][-]{section*.13}{\376\377\000P\000r\000o\000b\000l\000e\000m\000\040\000j\000\051}{section*.1}% 13
\BOOKMARK [1][-]{section*.14}{\376\377\000P\000r\000o\000b\000l\000e\000m\000\040\000k\000\051}{section*.1}% 14
\BOOKMARK [1][-]{section*.15}{\376\377\000P\000r\000o\000b\000l\000e\000m\000\040\000l\000\051}{section*.1}% 15
\BOOKMARK [1][-]{section*.16}{\376\377\000P\000r\000o\000b\000l\000e\000m\000\040\000m\000\051}{section*.1}% 16
\BOOKMARK [1][-]{section*.17}{\376\377\000P\000r\000o\000b\000l\000e\000m\000\040\000n\000\051}{section*.1}% 17
\BOOKMARK [1][-]{section*.18}{\376\377\000P\000r\000o\000b\000l\000e\000m\000\040\000o\000\051}{section*.1}% 18
\BOOKMARK [2][-]{section*.19}{\376\377\000R\000e\000m\000a\000i\000n\000i\000n\000g\000\040\000e\000-\000f\000o\000l\000d\000s\000\040\000N}{section*.18}% 19
\BOOKMARK [2][-]{section*.20}{\376\377\000S\000l\000o\000w\000-\000r\000o\000l\000l\000\040\000p\000a\000r\000a\000m\000e\000t\000e\000r\000s}{section*.18}% 20
\BOOKMARK [2][-]{section*.21}{\376\377\000T\000e\000n\000s\000o\000r\000-\000t\000o\000-\000s\000c\000a\000l\000a\000r\000\040\000r\000a\000t\000i\000o\000\040\000a\000n\000d\000\040\000s\000p\000e\000c\000t\000r\000a\000l\000\040\000i\000n\000d\000e\000x}{section*.18}% 21
\BOOKMARK [1][-]{section*.22}{\376\377\000P\000r\000o\000b\000l\000e\000m\000\040\000p\000\051}{section*.1}% 22
\BOOKMARK [1][-]{section*.23}{\376\377\000A\000c\000k\000n\000o\000w\000l\000e\000d\000g\000m\000e\000n\000t\000s}{section*.1}% 23
\BOOKMARK [1][-]{section*.24}{\376\377\000R\000e\000f\000e\000r\000e\000n\000c\000e\000s}{section*.1}% 24
